This is pdfTeX, Version 3.14159265-2.6-1.40.19 (TeX Live 2018/W32TeX) (preloaded format=pdflatex 2018.6.11)  11 JUL 2018 12:41
entering extended mode
 restricted \write18 enabled.
 file:line:error style messages enabled.
 %&-line parsing enabled.
**"f:/crist/Onedrive/Grado/4º Curso/2º Semestre/TFG/GEITFGModLatexMemoria_0/GEI
TFGModeloLatexMemoria/traballo.tex"

(f:/crist/Onedrive/Grado/4º Curso/2º Semestre/TFG/GEITFGModLatexMemoria_0/GEITF
GModeloLatexMemoria/traballo.tex
LaTeX2e <2018-04-01> patch level 5
(d:/texlive/2018/texmf-dist/tex/latex/base/book.cls
Document Class: book 2014/09/29 v1.4h Standard LaTeX document class
(d:/texlive/2018/texmf-dist/tex/latex/base/bk12.clo
File: bk12.clo 2014/09/29 v1.4h Standard LaTeX file (size option)
)
\c@part=\count80
\c@chapter=\count81
\c@section=\count82
\c@subsection=\count83
\c@subsubsection=\count84
\c@paragraph=\count85
\c@subparagraph=\count86
\c@figure=\count87
\c@table=\count88
\abovecaptionskip=\skip41
\belowcaptionskip=\skip42
\bibindent=\dimen102
)
(d:/texlive/2018/texmf-dist/tex/latex/base/inputenc.sty
Package: inputenc 2018/04/06 v1.3b Input encoding file
\inpenc@prehook=\toks14
\inpenc@posthook=\toks15
)
(d:/texlive/2018/texmf-dist/tex/generic/babel/babel.sty
Package: babel 2018/06/05 3.22 The Babel package

(d:/texlive/2018/texmf-dist/tex/generic/babel/switch.def
File: switch.def 2018/06/05 3.22 Babel switching mechanism
)
(d:/texlive/2018/texmf-dist/tex/generic/babel-spanish/spanish.ldf
Language: spanish.ldf 2016/03/03 v5.0p Spanish support from the babel system

(d:/texlive/2018/texmf-dist/tex/generic/babel/babel.def
File: babel.def 2018/06/05 3.22 Babel common definitions
\babel@savecnt=\count89
\U@D=\dimen103

(d:/texlive/2018/texmf-dist/tex/generic/babel/txtbabel.def)
\bbl@dirlevel=\count90
)
\es@quottoks=\toks16
\es@quotdepth=\count91
Package babel Info: Making " an active character on input line 561.
Package babel Info: Making . an active character on input line 662.
Package babel Info: Making < an active character on input line 707.
Package babel Info: Making > an active character on input line 707.
))
(d:/texlive/2018/texmf-dist/tex/latex/graphics/graphicx.sty
Package: graphicx 2017/06/01 v1.1a Enhanced LaTeX Graphics (DPC,SPQR)

(d:/texlive/2018/texmf-dist/tex/latex/graphics/keyval.sty
Package: keyval 2014/10/28 v1.15 key=value parser (DPC)
\KV@toks@=\toks17
)
(d:/texlive/2018/texmf-dist/tex/latex/graphics/graphics.sty
Package: graphics 2017/06/25 v1.2c Standard LaTeX Graphics (DPC,SPQR)

(d:/texlive/2018/texmf-dist/tex/latex/graphics/trig.sty
Package: trig 2016/01/03 v1.10 sin cos tan (DPC)
)
(d:/texlive/2018/texmf-dist/tex/latex/graphics-cfg/graphics.cfg
File: graphics.cfg 2016/06/04 v1.11 sample graphics configuration
)
Package graphics Info: Driver file: pdftex.def on input line 99.

(d:/texlive/2018/texmf-dist/tex/latex/graphics-def/pdftex.def
File: pdftex.def 2018/01/08 v1.0l Graphics/color driver for pdftex
))
\Gin@req@height=\dimen104
\Gin@req@width=\dimen105
)
(d:/texlive/2018/texmf-dist/tex/latex/graphics/epsfig.sty
Package: epsfig 2017/06/25 v1.7b (e)psfig emulation (SPQR)
\epsfxsize=\dimen106
\epsfysize=\dimen107
)
(d:/texlive/2018/texmf-dist/tex/latex/amsfonts/amssymb.sty
Package: amssymb 2013/01/14 v3.01 AMS font symbols

(d:/texlive/2018/texmf-dist/tex/latex/amsfonts/amsfonts.sty
Package: amsfonts 2013/01/14 v3.01 Basic AMSFonts support
\@emptytoks=\toks18
\symAMSa=\mathgroup4
\symAMSb=\mathgroup5
LaTeX Font Info:    Overwriting math alphabet `\mathfrak' in version `bold'
(Font)                  U/euf/m/n --> U/euf/b/n on input line 106.
))
(d:/texlive/2018/texmf-dist/tex/latex/eurosym/eurosym.sty
Package: eurosym 1998/08/06 v1.1 European currency symbol ``Euro''
\@eurobox=\box26
)
(d:/texlive/2018/texmf-dist/tex/latex/float/float.sty
Package: float 2001/11/08 v1.3d Float enhancements (AL)
\c@float@type=\count92
\float@exts=\toks19
\float@box=\box27
\@float@everytoks=\toks20
\@floatcapt=\box28
)
(d:/texlive/2018/texmf-dist/tex/latex/base/latexsym.sty
Package: latexsym 1998/08/17 v2.2e Standard LaTeX package (lasy symbols)
\symlasy=\mathgroup6
LaTeX Font Info:    Overwriting symbol font `lasy' in version `bold'
(Font)                  U/lasy/m/n --> U/lasy/b/n on input line 52.
) (./a4.sty
Package: a4 2004/04/15 v1.2g A4 based page layout
)
(d:/texlive/2018/texmf-dist/tex/latex/listings/listings.sty
\lst@mode=\count93
\lst@gtempboxa=\box29
\lst@token=\toks21
\lst@length=\count94
\lst@currlwidth=\dimen108
\lst@column=\count95
\lst@pos=\count96
\lst@lostspace=\dimen109
\lst@width=\dimen110
\lst@newlines=\count97
\lst@lineno=\count98
\lst@maxwidth=\dimen111

(d:/texlive/2018/texmf-dist/tex/latex/listings/lstmisc.sty
File: lstmisc.sty 2015/06/04 1.6 (Carsten Heinz)
\c@lstnumber=\count99
\lst@skipnumbers=\count100
\lst@framebox=\box30
)
(d:/texlive/2018/texmf-dist/tex/latex/listings/listings.cfg
File: listings.cfg 2015/06/04 1.6 listings configuration
))
Package: listings 2015/06/04 1.6 (Carsten Heinz)

\@input{templates/tablas.aux}
\openout2 = `templates/tablas.aux'.

(./templates/tablas.tex
(d:/texlive/2018/texmf-dist/tex/latex/tools/tabularx.sty
Package: tabularx 2016/02/03 v2.11b `tabularx' package (DPC)

(d:/texlive/2018/texmf-dist/tex/latex/tools/array.sty
Package: array 2018/04/30 v2.4h Tabular extension package (FMi)
\col@sep=\dimen112
\ar@mcellbox=\box31
\extrarowheight=\dimen113
\NC@list=\toks22
\extratabsurround=\skip43
\backup@length=\skip44
\ar@cellbox=\box32
)
\TX@col@width=\dimen114
\TX@old@table=\dimen115
\TX@old@col=\dimen116
\TX@target=\dimen117
\TX@delta=\dimen118
\TX@cols=\count101
\TX@ftn=\toks23
)
(d:/texlive/2018/texmf-dist/tex/latex/xkeyval/xkeyval.sty
Package: xkeyval 2014/12/03 v2.7a package option processing (HA)

(d:/texlive/2018/texmf-dist/tex/generic/xkeyval/xkeyval.tex
(d:/texlive/2018/texmf-dist/tex/generic/xkeyval/xkvutils.tex
\XKV@toks=\toks24
\XKV@tempa@toks=\toks25
)
\XKV@depth=\count102
File: xkeyval.tex 2014/12/03 v2.7a key=value parser (HA)
)))
(./traballo.aux (./capitulos/titulo.aux)
LaTeX Info: Redefining \. on input line 7.
LaTeX Info: Redefining \% on input line 7.
 (./capitulos/certificacion.aux)
(./capitulos/agradecementos.aux) (./capitulos/resumo.aux)
(./capitulos/introducion.aux) (./capitulos/gestion.aux) (./capitulos/cap2.aux)
(./capitulos/cap3.aux) (./capitulos/cap4.aux) (./capitulos/exemplos.aux)
(./capitulos/conclusions.aux) (./capitulos/apendicea.aux)
(./capitulos/apendiceb.aux) (./capitulos/licenza.aux)
(./capitulos/bibliografia.aux))
\openout1 = `traballo.aux'.

LaTeX Font Info:    Checking defaults for OML/cmm/m/it on input line 30.
LaTeX Font Info:    ... okay on input line 30.
LaTeX Font Info:    Checking defaults for T1/cmr/m/n on input line 30.
LaTeX Font Info:    ... okay on input line 30.
LaTeX Font Info:    Checking defaults for OT1/cmr/m/n on input line 30.
LaTeX Font Info:    ... okay on input line 30.
LaTeX Font Info:    Checking defaults for OMS/cmsy/m/n on input line 30.
LaTeX Font Info:    ... okay on input line 30.
LaTeX Font Info:    Checking defaults for OMX/cmex/m/n on input line 30.
LaTeX Font Info:    ... okay on input line 30.
LaTeX Font Info:    Checking defaults for U/cmr/m/n on input line 30.
LaTeX Font Info:    ... okay on input line 30.
LaTeX Info: Redefining \. on input line 30.
LaTeX Info: Redefining \% on input line 30.

(d:/texlive/2018/texmf-dist/tex/context/base/mkii/supp-pdf.mkii
[Loading MPS to PDF converter (version 2006.09.02).]
\scratchcounter=\count103
\scratchdimen=\dimen119
\scratchbox=\box33
\nofMPsegments=\count104
\nofMParguments=\count105
\everyMPshowfont=\toks26
\MPscratchCnt=\count106
\MPscratchDim=\dimen120
\MPnumerator=\count107
\makeMPintoPDFobject=\count108
\everyMPtoPDFconversion=\toks27
) (d:/texlive/2018/texmf-dist/tex/latex/oberdiek/epstopdf-base.sty
Package: epstopdf-base 2016/05/15 v2.6 Base part for package epstopdf

(d:/texlive/2018/texmf-dist/tex/generic/oberdiek/infwarerr.sty
Package: infwarerr 2016/05/16 v1.4 Providing info/warning/error messages (HO)
)
(d:/texlive/2018/texmf-dist/tex/latex/oberdiek/grfext.sty
Package: grfext 2016/05/16 v1.2 Manage graphics extensions (HO)

(d:/texlive/2018/texmf-dist/tex/generic/oberdiek/kvdefinekeys.sty
Package: kvdefinekeys 2016/05/16 v1.4 Define keys (HO)

(d:/texlive/2018/texmf-dist/tex/generic/oberdiek/ltxcmds.sty
Package: ltxcmds 2016/05/16 v1.23 LaTeX kernel commands for general use (HO)
)))
(d:/texlive/2018/texmf-dist/tex/latex/oberdiek/kvoptions.sty
Package: kvoptions 2016/05/16 v3.12 Key value format for package options (HO)

(d:/texlive/2018/texmf-dist/tex/generic/oberdiek/kvsetkeys.sty
Package: kvsetkeys 2016/05/16 v1.17 Key value parser (HO)

(d:/texlive/2018/texmf-dist/tex/generic/oberdiek/etexcmds.sty
Package: etexcmds 2016/05/16 v1.6 Avoid name clashes with e-TeX commands (HO)

(d:/texlive/2018/texmf-dist/tex/generic/oberdiek/ifluatex.sty
Package: ifluatex 2016/05/16 v1.4 Provides the ifluatex switch (HO)
Package ifluatex Info: LuaTeX not detected.
)
Package etexcmds Info: Could not find \expanded.
(etexcmds)             That can mean that you are not using pdfTeX 1.50 or
(etexcmds)             that some package has redefined \expanded.
(etexcmds)             In the latter case, load this package earlier.
)))
(d:/texlive/2018/texmf-dist/tex/generic/oberdiek/pdftexcmds.sty
Package: pdftexcmds 2018/01/30 v0.27 Utility functions of pdfTeX for LuaTeX (HO
)

(d:/texlive/2018/texmf-dist/tex/generic/oberdiek/ifpdf.sty
Package: ifpdf 2017/03/15 v3.2 Provides the ifpdf switch
)
Package pdftexcmds Info: LuaTeX not detected.
Package pdftexcmds Info: \pdf@primitive is available.
Package pdftexcmds Info: \pdf@ifprimitive is available.
Package pdftexcmds Info: \pdfdraftmode found.
)
Package epstopdf-base Info: Redefining graphics rule for `.eps' on input line 4
38.
Package grfext Info: Graphics extension search list:
(grfext)             [.pdf,.png,.jpg,.mps,.jpeg,.jbig2,.jb2,.PDF,.PNG,.JPG,.JPE
G,.JBIG2,.JB2,.eps]
(grfext)             \AppendGraphicsExtensions on input line 456.

(d:/texlive/2018/texmf-dist/tex/latex/latexconfig/epstopdf-sys.cfg
File: epstopdf-sys.cfg 2010/07/13 v1.3 Configuration of (r)epstopdf for TeX Liv
e
))
\c@lstlisting=\count109
\openout2 = `capitulos/titulo.aux'.


(./capitulos/titulo.tex
Package epstopdf Info: Source file: <figuras/logo_usc.eps>
(epstopdf)                    date: 2010-11-26 17:38:18
(epstopdf)                    size: 91607 bytes
(epstopdf)             Output file: <figuras/logo_usc-eps-converted-to.pdf>
(epstopdf)                    date: 2018-06-16 19:18:51
(epstopdf)                    size: 22078 bytes
(epstopdf)             Command: <repstopdf --outfile=figuras/logo_usc-eps-conve
rted-to.pdf figuras/logo_usc.eps>
(epstopdf)             \includegraphics on input line 6.
Package epstopdf Info: Output file is already uptodate.
<figuras/logo_usc-eps-converted-to.pdf, id=1, 589.20125pt x 382.42876pt>
File: figuras/logo_usc-eps-converted-to.pdf Graphic file (type pdf)
<use figuras/logo_usc-eps-converted-to.pdf>
Package pdftex.def Info: figuras/logo_usc-eps-converted-to.pdf  used on input l
ine 6.
(pdftex.def)             Requested size: 142.26378pt x 92.33913pt.
LaTeX Font Info:    Try loading font information for U+msa on input line 19.
 (d:/texlive/2018/texmf-dist/tex/latex/amsfonts/umsa.fd
File: umsa.fd 2013/01/14 v3.01 AMS symbols A
)
LaTeX Font Info:    Try loading font information for U+msb on input line 19.
(d:/texlive/2018/texmf-dist/tex/latex/amsfonts/umsb.fd
File: umsb.fd 2013/01/14 v3.01 AMS symbols B
)
LaTeX Font Info:    Try loading font information for U+lasy on input line 19.

(d:/texlive/2018/texmf-dist/tex/latex/base/ulasy.fd
File: ulasy.fd 1998/08/17 v2.2e LaTeX symbol font definitions
)) [1




{d:/texlive/2018/texmf-var/fonts/map/pdftex/updmap/pdftex.map} <./figuras/logo_
usc-eps-converted-to.pdf>] [2


]
\openout2 = `capitulos/certificacion.aux'.

 (./capitulos/certificacion.tex
Package epstopdf Info: Source file: <figuras/logo_usc.eps>
(epstopdf)                    date: 2010-11-26 17:38:18
(epstopdf)                    size: 91607 bytes
(epstopdf)             Output file: <figuras/logo_usc-eps-converted-to.pdf>
(epstopdf)                    date: 2018-06-16 19:18:51
(epstopdf)                    size: 22078 bytes
(epstopdf)             Command: <repstopdf --outfile=figuras/logo_usc-eps-conve
rted-to.pdf figuras/logo_usc.eps>
(epstopdf)             \includegraphics on input line 3.
Package epstopdf Info: Output file is already uptodate.
File: figuras/logo_usc-eps-converted-to.pdf Graphic file (type pdf)
<use figuras/logo_usc-eps-converted-to.pdf>
Package pdftex.def Info: figuras/logo_usc-eps-converted-to.pdf  used on input l
ine 3.
(pdftex.def)             Requested size: 113.81102pt x 73.87013pt.

Overfull \hbox (2.78058pt too wide) in paragraph at lines 6--7
[]\OT1/cmr/bx/n/12 D. (No-me do Di-rec-tor)\OT1/cmr/m/n/12 , Pro-fe-sor do De-p
ar-ta-men-to de Electr^^Soni-ca e Compu-
 []

) [1

] [2


]
\openout2 = `capitulos/agradecementos.aux'.

 (./capitulos/agradecementos.tex) [3


] [4


]
\openout2 = `capitulos/resumo.aux'.

 (./capitulos/resumo.tex)
[5


] [6


] (./traballo.toc
LaTeX Info: Redefining \. on input line 1.
LaTeX Info: Redefining \% on input line 1.
 [7

])
\tf@toc=\write3
\openout3 = `traballo.toc'.

 [8] (./traballo.lof
LaTeX Info: Redefining \. on input line 1.
LaTeX Info: Redefining \% on input line 1.
)
\tf@lof=\write4
\openout4 = `traballo.lof'.

 [9

] [10

] (./traballo.lot
LaTeX Info: Redefining \. on input line 1.
LaTeX Info: Redefining \% on input line 1.
)
\tf@lot=\write5
\openout5 = `traballo.lot'.


[11] [12

]
\openout2 = `capitulos/introducion.aux'.

 (./capitulos/introducion.tex
Cap\'{\i }tulo 1.
) [1


]
LaTeX Info: Redefining \. on input line 51.
LaTeX Info: Redefining \% on input line 51.
 [2


]
\openout2 = `capitulos/gestion.aux'.

 (./capitulos/gestion.tex
Cap\'{\i }tulo 2.
<figuras/planificacion/edt-inicial.png, id=62, 1565.85pt x 1585.42313pt>
File: figuras/planificacion/edt-inicial.png Graphic file (type png)
<use figuras/planificacion/edt-inicial.png>
Package pdftex.def Info: figuras/planificacion/edt-inicial.png  used on input l
ine 18.
(pdftex.def)             Requested size: 426.79134pt x 432.10995pt.

Underfull \vbox (badness 10000) has occurred while \output is active []

 [3


]
Overfull \vbox (259.99335pt too high) has occurred while \output is active []

LaTeX Info: Redefining \. on input line 21.
LaTeX Info: Redefining \% on input line 21.

[4 <./figuras/planificacion/edt-inicial.png>]
Overfull \hbox (17.62482pt too wide) in paragraph at lines 30--31
[][]
 []


Underfull \hbox (badness 10000) in paragraph at lines 30--31

 []


Overfull \hbox (17.62482pt too wide) in paragraph at lines 40--41
[][]
 []


Underfull \hbox (badness 10000) in paragraph at lines 40--41

 []


Overfull \hbox (17.62482pt too wide) in paragraph at lines 50--51
[][]
 []


Underfull \hbox (badness 10000) in paragraph at lines 50--51

 []


Overfull \hbox (17.62482pt too wide) in paragraph at lines 60--61
[][]
 []


Underfull \hbox (badness 10000) in paragraph at lines 60--61

 []


Overfull \hbox (17.62482pt too wide) in paragraph at lines 70--71
[][]
 []


Underfull \hbox (badness 10000) in paragraph at lines 70--71

 []


Overfull \hbox (17.62482pt too wide) in paragraph at lines 80--81
[][]
 []


Underfull \hbox (badness 10000) in paragraph at lines 80--81

 []


Underfull \vbox (badness 10000) has occurred while \output is active []

LaTeX Info: Redefining \. on input line 90.
LaTeX Info: Redefining \% on input line 90.
 [5]

LaTeX Warning: Citation `local_planPruebas' on page 6 undefined on input line 9
0.


Overfull \hbox (17.62482pt too wide) in paragraph at lines 90--91
[][]
 []


Underfull \hbox (badness 10000) in paragraph at lines 90--91

 []


Overfull \hbox (17.62482pt too wide) in paragraph at lines 100--101
[][]
 []


Underfull \hbox (badness 10000) in paragraph at lines 100--101

 []


LaTeX Warning: Citation `local_planPruebasRendimiento' on page 6 undefined on i
nput line 110.


Overfull \hbox (17.62482pt too wide) in paragraph at lines 110--111
[][]
 []


Underfull \hbox (badness 10000) in paragraph at lines 110--111

 []


LaTeX Warning: Citation `local_informeRendimiento' on page 6 undefined on input
 line 120.


Overfull \hbox (17.62482pt too wide) in paragraph at lines 120--121
[][]
 []


Underfull \hbox (badness 10000) in paragraph at lines 120--121

 []


Overfull \hbox (17.62482pt too wide) in paragraph at lines 132--133
[][]
 []


Underfull \hbox (badness 10000) in paragraph at lines 132--133

 []


Underfull \vbox (badness 10000) has occurred while \output is active []

LaTeX Info: Redefining \. on input line 134.
LaTeX Info: Redefining \% on input line 134.
 [6]
<figuras/planificacion/linea-base.png, id=78, 1108.14pt x 534.49687pt>
File: figuras/planificacion/linea-base.png Graphic file (type png)
<use figuras/planificacion/linea-base.png>
Package pdftex.def Info: figuras/planificacion/linea-base.png  used on input li
ne 143.
(pdftex.def)             Requested size: 426.79134pt x 205.8594pt.
LaTeX Info: Redefining \. on input line 156.
LaTeX Info: Redefining \% on input line 156.

[7 <./figuras/planificacion/linea-base.png>]
Underfull \hbox (badness 10000) in paragraph at lines 157--158

 []

<figuras/planificacion/1_retraso-analisis-inicial.png, id=83, 1184.92688pt x 52
7.72156pt>
File: figuras/planificacion/1_retraso-analisis-inicial.png Graphic file (type p
ng)
<use figuras/planificacion/1_retraso-analisis-inicial.png>
Package pdftex.def Info: figuras/planificacion/1_retraso-analisis-inicial.png  
used on input line 162.
(pdftex.def)             Requested size: 426.79134pt x 190.07625pt.
LaTeX Info: Redefining \. on input line 172.
LaTeX Info: Redefining \% on input line 172.
[8 <./figuras/planificacion/1_retraso-analisis-inicial.png>]
<figuras/planificacion/2_linea-base-prototipos.png, id=88, 1187.93813pt x 587.9
4656pt>
File: figuras/planificacion/2_linea-base-prototipos.png Graphic file (type png)

<use figuras/planificacion/2_linea-base-prototipos.png>
Package pdftex.def Info: figuras/planificacion/2_linea-base-prototipos.png  use
d on input line 186.
(pdftex.def)             Requested size: 426.79134pt x 211.22998pt.
LaTeX Info: Redefining \. on input line 191.
LaTeX Info: Redefining \% on input line 191.
 [9 <./figuras/planificacion/2_linea-base-prototipos.png>])
LaTeX Info: Redefining \. on input line 52.
LaTeX Info: Redefining \% on input line 52.
 [10]
\openout2 = `capitulos/cap2.aux'.

 (./capitulos/cap2.tex
Cap\'{\i }tulo 3.
) [11




]
LaTeX Info: Redefining \. on input line 55.
LaTeX Info: Redefining \% on input line 55.
 [12


]
\openout2 = `capitulos/cap3.aux'.

 (./capitulos/cap3.tex
Cap\'{\i }tulo 4.
) [13


]
LaTeX Info: Redefining \. on input line 57.
LaTeX Info: Redefining \% on input line 57.
 [14


]
\openout2 = `capitulos/cap4.aux'.

 (./capitulos/cap4.tex
Cap\'{\i }tulo 5.
) [15


]
LaTeX Info: Redefining \. on input line 59.
LaTeX Info: Redefining \% on input line 59.
 [16


]
\openout2 = `capitulos/exemplos.aux'.

 (./capitulos/exemplos.tex
Cap\'{\i }tulo 6.
[17


]
Package epstopdf Info: Source file: <figuras/figura01.eps>
(epstopdf)                    date: 2010-11-26 19:35:19
(epstopdf)                    size: 209408 bytes
(epstopdf)             Output file: <figuras/figura01-eps-converted-to.pdf>
(epstopdf)                    date: 2018-06-16 19:18:54
(epstopdf)                    size: 26680 bytes
(epstopdf)             Command: <repstopdf --outfile=figuras/figura01-eps-conve
rted-to.pdf figuras/figura01.eps>
(epstopdf)             \includegraphics on input line 30.
Package epstopdf Info: Output file is already uptodate.
<figuras/figura01-eps-converted-to.pdf, id=128, 1060.96375pt x 513.92pt>
File: figuras/figura01-eps-converted-to.pdf Graphic file (type pdf)
<use figuras/figura01-eps-converted-to.pdf>
Package pdftex.def Info: figuras/figura01-eps-converted-to.pdf  used on input l
ine 30.
(pdftex.def)             Requested size: 426.79134pt x 206.73277pt.


LaTeX Warning: Citation `cuda' on page 18 undefined on input line 48.


LaTeX Warning: Citation `cdma' on page 18 undefined on input line 48.


LaTeX Warning: Citation `gonzalez' on page 18 undefined on input line 48.


LaTeX Warning: Citation `patricia' on page 18 undefined on input line 48.


LaTeX Warning: Citation `cuda' on page 18 undefined on input line 48.


LaTeX Warning: Citation `gonzalez' on page 18 undefined on input line 48.

LaTeX Info: Redefining \. on input line 58.
LaTeX Info: Redefining \% on input line 58.
[18 <./figuras/figura01-eps-converted-to.pdf>]
(d:/texlive/2018/texmf-dist/tex/latex/listings/lstlang1.sty
File: lstlang1.sty 2015/06/04 1.6 listings language file
)
(d:/texlive/2018/texmf-dist/tex/latex/listings/lstmisc.sty
File: lstmisc.sty 2015/06/04 1.6 (Carsten Heinz)
)
LaTeX Font Info:    Try loading font information for OML+cmr on input line 81.

(d:/texlive/2018/texmf-dist/tex/latex/base/omlcmr.fd
File: omlcmr.fd 2014/09/29 v2.5h Standard LaTeX font definitions
)
LaTeX Font Info:    Font shape `OML/cmr/m/n' in size <12> not available
(Font)              Font shape `OML/cmm/m/it' tried instead on input line 81.
LaTeX Font Info:    Try loading font information for OMS+cmr on input line 83.

(d:/texlive/2018/texmf-dist/tex/latex/base/omscmr.fd
File: omscmr.fd 2014/09/29 v2.5h Standard LaTeX font definitions
)
LaTeX Font Info:    Font shape `OMS/cmr/m/n' in size <12> not available
(Font)              Font shape `OMS/cmsy/m/n' tried instead on input line 83.
LaTeX Font Info:    Font shape `OMS/cmr/m/it' in size <12> not available
(Font)              Font shape `OMS/cmsy/m/n' tried instead on input line 85.

(d:/texlive/2018/texmf-dist/tex/latex/listings/lstlang1.sty
File: lstlang1.sty 2015/06/04 1.6 listings language file
)
Overfull \hbox (53.36043pt too wide) in paragraph at lines 97--98
[][][][][][][][][][][][][][][][][][][][][][][][][] 
 []

)
LaTeX Info: Redefining \. on input line 60.
LaTeX Info: Redefining \% on input line 60.
 [19]
LaTeX Info: Redefining \. on input line 64.
LaTeX Info: Redefining \% on input line 64.
 [20


]
\openout2 = `capitulos/conclusions.aux'.

 (./capitulos/conclusions.tex
Cap\'{\i }tulo 7.
) [21


]
LaTeX Info: Redefining \. on input line 69.
LaTeX Info: Redefining \% on input line 69.
 [22


]
\openout2 = `capitulos/apendicea.aux'.

 (./capitulos/apendicea.tex
Ap\'{e}ndice A.
) [23


]
LaTeX Info: Redefining \. on input line 71.
LaTeX Info: Redefining \% on input line 71.
 [24


]
\openout2 = `capitulos/apendiceb.aux'.

 (./capitulos/apendiceb.tex
Ap\'{e}ndice B.
) [25


]
LaTeX Info: Redefining \. on input line 73.
LaTeX Info: Redefining \% on input line 73.
 [26


]
\openout2 = `capitulos/licenza.aux'.

 (./capitulos/licenza.tex
Ap\'{e}ndice C.
) [27


]
LaTeX Info: Redefining \. on input line 75.
LaTeX Info: Redefining \% on input line 75.
 [28


]
\openout2 = `capitulos/bibliografia.aux'.

 (./capitulos/bibliografia.tex) [29


] (./traballo.aux
(./capitulos/titulo.aux)
LaTeX Info: Redefining \. on input line 7.
LaTeX Info: Redefining \% on input line 7.
 (./capitulos/certificacion.aux)
(./capitulos/agradecementos.aux) (./capitulos/resumo.aux)
(./capitulos/introducion.aux) (./capitulos/gestion.aux) (./capitulos/cap2.aux)
(./capitulos/cap3.aux) (./capitulos/cap4.aux) (./capitulos/exemplos.aux)
(./capitulos/conclusions.aux) (./capitulos/apendicea.aux)
(./capitulos/apendiceb.aux) (./capitulos/licenza.aux)
(./capitulos/bibliografia.aux))

LaTeX Warning: There were undefined references.

 ) 
Here is how much of TeX's memory you used:
 5171 strings out of 492646
 71232 string characters out of 6133325
 173768 words of memory out of 5000000
 8827 multiletter control sequences out of 15000+600000
 13149 words of font info for 50 fonts, out of 8000000 for 9000
 1142 hyphenation exceptions out of 8191
 41i,9n,74p,813b,1301s stack positions out of 5000i,500n,10000p,200000b,80000s
<d:/texlive/2018/texmf-dist/fonts/type1/public/amsfonts/cm/cmbx12.pfb><d:/tex
live/2018/texmf-dist/fonts/type1/public/amsfonts/cm/cmcsc10.pfb><d:/texlive/201
8/texmf-dist/fonts/type1/public/amsfonts/cm/cmex10.pfb><d:/texlive/2018/texmf-d
ist/fonts/type1/public/amsfonts/cm/cmmi12.pfb><d:/texlive/2018/texmf-dist/fonts
/type1/public/amsfonts/cm/cmmi8.pfb><d:/texlive/2018/texmf-dist/fonts/type1/pub
lic/amsfonts/cm/cmr10.pfb><d:/texlive/2018/texmf-dist/fonts/type1/public/amsfon
ts/cm/cmr12.pfb><d:/texlive/2018/texmf-dist/fonts/type1/public/amsfonts/cm/cmr1
7.pfb><d:/texlive/2018/texmf-dist/fonts/type1/public/amsfonts/cm/cmr6.pfb><d:/t
exlive/2018/texmf-dist/fonts/type1/public/amsfonts/cm/cmr8.pfb><d:/texlive/2018
/texmf-dist/fonts/type1/public/amsfonts/cm/cmsl12.pfb><d:/texlive/2018/texmf-di
st/fonts/type1/public/amsfonts/cm/cmsy10.pfb><d:/texlive/2018/texmf-dist/fonts/
type1/public/amsfonts/cm/cmsy8.pfb><d:/texlive/2018/texmf-dist/fonts/type1/publ
ic/amsfonts/cm/cmti12.pfb><d:/texlive/2018/texmf-dist/fonts/type1/public/amsfon
ts/cm/cmtt12.pfb>
Output written on traballo.pdf (43 pages, 452017 bytes).
PDF statistics:
 222 PDF objects out of 1000 (max. 8388607)
 148 compressed objects within 2 object streams
 0 named destinations out of 1000 (max. 500000)
 31 words of extra memory for PDF output out of 10000 (max. 10000000)

